# JRE version: OpenJDK Runtime Environment Temurin-21.0.10+7 (21.0.10+7) (build 21.0.10+7-LTS)
# Java VM: OpenJDK 64-Bit Server VM Temurin-21.0.10+7 (21.0.10+7-LTS, mixed mode, sharing, tiered, compressed oops, compressed class ptrs, parallel gc, windows-amd64)
GC Precious Log:
 CardTable entry size: 512
 CPUs: 8 total, 8 available
 Memory: 3891M
 Large Page Support: Disabled
 NUMA Support: Disabled
 Compressed Oops: Enabled (32-bit)
 Alignments: Space 512K, Generation 512K, Heap 2M
 Heap Min Capacity: 100M
 Heap Initial Capacity: 100M
 Heap Max Capacity: 2G
 Pre-touch: Disabled
 Parallel Workers: 8
Heap:
 PSYoungGen      total 19456K, used 5472K [0x00000000d5580000, 0x00000000d7780000, 0x0000000100000000)
  eden space 17920K, 21% used [0x00000000d5580000,0x00000000d59591f0,0x00000000d6700000)
  from space 1536K, 99% used [0x00000000d7600000,0x00000000d777f1d0,0x00000000d7780000)
  to   space 3072K, 0% used [0x00000000d7180000,0x00000000d7180000,0x00000000d7480000)
 ParOldGen       total 577024K, used 520562K [0x0000000080000000, 0x00000000a3380000, 0x00000000d5580000)
  object space 577024K, 90% used [0x0000000080000000,0x000000009fc5c810,0x00000000a3380000)
 Metaspace       used 87343K, committed 89088K, reserved 1179648K
  class space    used 8787K, committed 9600K, reserved 1048576K
GC Heap History (20 events):
Event: 2557.962 GC heap before
{Heap before GC invocations=1032 (full 5):
 PSYoungGen      total 18944K, used 18548K [0x00000000d5580000, 0x00000000d7b00000, 0x0000000100000000)
  eden space 17920K, 100% used [0x00000000d5580000,0x00000000d6700000,0x00000000d6700000)
  from space 1024K, 61% used [0x00000000d7a00000,0x00000000d7a9d200,0x00000000d7b00000)
  to   space 1024K, 0% used [0x00000000d7900000,0x00000000d7900000,0x00000000d7a00000)
 ParOldGen       total 577024K, used 511264K [0x0000000080000000, 0x00000000a3380000, 0x00000000d5580000)
  object space 577024K, 88% used [0x0000000080000000,0x000000009f3483a8,0x00000000a3380000)
 Metaspace       used 87252K, committed 88960K, reserved 1179648K
  class space    used 8783K, committed 9600K, reserved 1048576K
}
Event: 2557.966 GC heap after
{Heap after GC invocations=1032 (full 5):
 PSYoungGen      total 18944K, used 250K [0x00000000d5580000, 0x00000000d7a80000, 0x0000000100000000)
  eden space 17920K, 0% used [0x00000000d5580000,0x00000000d5580000,0x00000000d6700000)
  from space 1024K, 24% used [0x00000000d7900000,0x00000000d793e900,0x00000000d7a00000)
  to   space 512K, 0% used [0x00000000d7a00000,0x00000000d7a00000,0x00000000d7a80000)
 ParOldGen       total 577024K, used 511344K [0x0000000080000000, 0x00000000a3380000, 0x00000000d5580000)
  object space 577024K, 88% used [0x0000000080000000,0x000000009f35c3a8,0x00000000a3380000)
 Metaspace       used 87252K, committed 88960K, reserved 1179648K
  class space    used 8783K, committed 9600K, reserved 1048576K
}
Event: 2635.760 GC heap before
{Heap before GC invocations=1033 (full 5):
 PSYoungGen      total 18944K, used 18170K [0x00000000d5580000, 0x00000000d7a80000, 0x0000000100000000)
  eden space 17920K, 100% used [0x00000000d5580000,0x00000000d6700000,0x00000000d6700000)
  from space 1024K, 24% used [0x00000000d7900000,0x00000000d793e900,0x00000000d7a00000)
  to   space 512K, 0% used [0x00000000d7a00000,0x00000000d7a00000,0x00000000d7a80000)
 ParOldGen       total 577024K, used 511344K [0x0000000080000000, 0x00000000a3380000, 0x00000000d5580000)
  object space 577024K, 88% used [0x0000000080000000,0x000000009f35c3a8,0x00000000a3380000)
 Metaspace       used 87260K, committed 88960K, reserved 1179648K
  class space    used 8783K, committed 9600K, reserved 1048576K
}
Event: 2635.924 GC heap after
{Heap after GC invocations=1033 (full 5):
 PSYoungGen      total 18432K, used 500K [0x00000000d5580000, 0x00000000d7a80000, 0x0000000100000000)
  eden space 17920K, 0% used [0x00000000d5580000,0x00000000d5580000,0x00000000d6700000)
  from space 512K, 97% used [0x00000000d7a00000,0x00000000d7a7d220,0x00000000d7a80000)
  to   space 1536K, 0% used [0x00000000d7780000,0x00000000d7780000,0x00000000d7900000)
 ParOldGen       total 577024K, used 511820K [0x0000000080000000, 0x00000000a3380000, 0x00000000d5580000)
  object space 577024K, 88% used [0x0000000080000000,0x000000009f3d33c8,0x00000000a3380000)
 Metaspace       used 87260K, committed 88960K, reserved 1179648K
  class space    used 8783K, committed 9600K, reserved 1048576K
}
Event: 2636.410 GC heap before
{Heap before GC invocations=1034 (full 5):
 PSYoungGen      total 18432K, used 18420K [0x00000000d5580000, 0x00000000d7a80000, 0x0000000100000000)
  eden space 17920K, 100% used [0x00000000d5580000,0x00000000d6700000,0x00000000d6700000)
  from space 512K, 97% used [0x00000000d7a00000,0x00000000d7a7d220,0x00000000d7a80000)
  to   space 1536K, 0% used [0x00000000d7780000,0x00000000d7780000,0x00000000d7900000)
 ParOldGen       total 577024K, used 511820K [0x0000000080000000, 0x00000000a3380000, 0x00000000d5580000)
  object space 577024K, 88% used [0x0000000080000000,0x000000009f3d33c8,0x00000000a3380000)
 Metaspace       used 87266K, committed 89024K, reserved 1179648K
  class space    used 8783K, committed 9600K, reserved 1048576K
}
Event: 2636.426 GC heap after
{Heap after GC invocations=1034 (full 5):
 PSYoungGen      total 19456K, used 1524K [0x00000000d5580000, 0x00000000d7a80000, 0x0000000100000000)
  eden space 17920K, 0% used [0x00000000d5580000,0x00000000d5580000,0x00000000d6700000)
  from space 1536K, 99% used [0x00000000d7780000,0x00000000d78fd200,0x00000000d7900000)
  to   space 1536K, 0% used [0x00000000d7900000,0x00000000d7900000,0x00000000d7a80000)
 ParOldGen       total 577024K, used 512592K [0x0000000080000000, 0x00000000a3380000, 0x00000000d5580000)
  object space 577024K, 88% used [0x0000000080000000,0x000000009f494000,0x00000000a3380000)
 Metaspace       used 87266K, committed 89024K, reserved 1179648K
  class space    used 8783K, committed 9600K, reserved 1048576K
}
Event: 2638.941 GC heap before
{Heap before GC invocations=1035 (full 5):
 PSYoungGen      total 19456K, used 19444K [0x00000000d5580000, 0x00000000d7a80000, 0x0000000100000000)
  eden space 17920K, 100% used [0x00000000d5580000,0x00000000d6700000,0x00000000d6700000)
  from space 1536K, 99% used [0x00000000d7780000,0x00000000d78fd200,0x00000000d7900000)
  to   space 1536K, 0% used [0x00000000d7900000,0x00000000d7900000,0x00000000d7a80000)
 ParOldGen       total 577024K, used 512592K [0x0000000080000000, 0x00000000a3380000, 0x00000000d5580000)
  object space 577024K, 88% used [0x0000000080000000,0x000000009f494000,0x00000000a3380000)
 Metaspace       used 87279K, committed 89024K, reserved 1179648K
  class space    used 8783K, committed 9600K, reserved 1048576K
}
Event: 2638.957 GC heap after
{Heap after GC invocations=1035 (full 5):
 PSYoungGen      total 19456K, used 1370K [0x00000000d5580000, 0x00000000d7a80000, 0x0000000100000000)
  eden space 17920K, 0% used [0x00000000d5580000,0x00000000d5580000,0x00000000d6700000)
  from space 1536K, 89% used [0x00000000d7900000,0x00000000d7a56900,0x00000000d7a80000)
  to   space 2048K, 0% used [0x00000000d7680000,0x00000000d7680000,0x00000000d7880000)
 ParOldGen       total 577024K, used 514120K [0x0000000080000000, 0x00000000a3380000, 0x00000000d5580000)
  object space 577024K, 89% used [0x0000000080000000,0x000000009f612148,0x00000000a3380000)
 Metaspace       used 87279K, committed 89024K, reserved 1179648K
  class space    used 8783K, committed 9600K, reserved 1048576K
}
Event: 2639.389 GC heap before
{Heap before GC invocations=1036 (full 5):
 PSYoungGen      total 19456K, used 19290K [0x00000000d5580000, 0x00000000d7a80000, 0x0000000100000000)
  eden space 17920K, 100% used [0x00000000d5580000,0x00000000d6700000,0x00000000d6700000)
  from space 1536K, 89% used [0x00000000d7900000,0x00000000d7a56900,0x00000000d7a80000)
  to   space 2048K, 0% used [0x00000000d7680000,0x00000000d7680000,0x00000000d7880000)
 ParOldGen       total 577024K, used 514120K [0x0000000080000000, 0x00000000a3380000, 0x00000000d5580000)
  object space 577024K, 89% used [0x0000000080000000,0x000000009f612148,0x00000000a3380000)
 Metaspace       used 87281K, committed 89024K, reserved 1179648K
  class space    used 8783K, committed 9600K, reserved 1048576K
}
Event: 2639.399 GC heap after
{Heap after GC invocations=1036 (full 5):
 PSYoungGen      total 19968K, used 544K [0x00000000d5580000, 0x00000000d7980000, 0x0000000100000000)
  eden space 17920K, 0% used [0x00000000d5580000,0x00000000d5580000,0x00000000d6700000)
  from space 2048K, 26% used [0x00000000d7680000,0x00000000d7708000,0x00000000d7880000)
  to   space 1024K, 0% used [0x00000000d7880000,0x00000000d7880000,0x00000000d7980000)
 ParOldGen       total 577024K, used 515318K [0x0000000080000000, 0x00000000a3380000, 0x00000000d5580000)
  object space 577024K, 89% used [0x0000000080000000,0x000000009f73d9c8,0x00000000a3380000)
 Metaspace       used 87281K, committed 89024K, reserved 1179648K
  class space    used 8783K, committed 9600K, reserved 1048576K
}
Event: 2690.702 GC heap before
{Heap before GC invocations=1037 (full 5):
 PSYoungGen      total 19968K, used 18464K [0x00000000d5580000, 0x00000000d7980000, 0x0000000100000000)
  eden space 17920K, 100% used [0x00000000d5580000,0x00000000d6700000,0x00000000d6700000)
  from space 2048K, 26% used [0x00000000d7680000,0x00000000d7708000,0x00000000d7880000)
  to   space 1024K, 0% used [0x00000000d7880000,0x00000000d7880000,0x00000000d7980000)
 ParOldGen       total 577024K, used 515318K [0x0000000080000000, 0x00000000a3380000, 0x00000000d5580000)
  object space 577024K, 89% used [0x0000000080000000,0x000000009f73d9c8,0x00000000a3380000)
 Metaspace       used 87290K, committed 89024K, reserved 1179648K
  class space    used 8783K, committed 9600K, reserved 1048576K
}
Event: 2690.827 GC heap after
{Heap after GC invocations=1037 (full 5):
 PSYoungGen      total 18944K, used 1012K [0x00000000d5580000, 0x00000000d7980000, 0x0000000100000000)
  eden space 17920K, 0% used [0x00000000d5580000,0x00000000d5580000,0x00000000d6700000)
  from space 1024K, 98% used [0x00000000d7880000,0x00000000d797d200,0x00000000d7980000)
  to   space 2560K, 0% used [0x00000000d7480000,0x00000000d7480000,0x00000000d7700000)
 ParOldGen       total 577024K, used 516133K [0x0000000080000000, 0x00000000a3380000, 0x00000000d5580000)
  object space 577024K, 89% used [0x0000000080000000,0x000000009f809608,0x00000000a3380000)
 Metaspace       used 87290K, committed 89024K, reserved 1179648K
  class space    used 8783K, committed 9600K, reserved 1048576K
}
Event: 2691.271 GC heap before
{Heap before GC invocations=1038 (full 5):
 PSYoungGen      total 18944K, used 18932K [0x00000000d5580000, 0x00000000d7980000, 0x0000000100000000)
  eden space 17920K, 100% used [0x00000000d5580000,0x00000000d6700000,0x00000000d6700000)
  from space 1024K, 98% used [0x00000000d7880000,0x00000000d797d200,0x00000000d7980000)
  to   space 2560K, 0% used [0x00000000d7480000,0x00000000d7480000,0x00000000d7700000)
 ParOldGen       total 577024K, used 516133K [0x0000000080000000, 0x00000000a3380000, 0x00000000d5580000)
  object space 577024K, 89% used [0x0000000080000000,0x000000009f809608,0x00000000a3380000)
 Metaspace       used 87290K, committed 89024K, reserved 1179648K
  class space    used 8783K, committed 9600K, reserved 1048576K
}
Event: 2691.279 GC heap after
{Heap after GC invocations=1038 (full 5):
 PSYoungGen      total 20480K, used 2052K [0x00000000d5580000, 0x00000000d7900000, 0x0000000100000000)
  eden space 17920K, 0% used [0x00000000d5580000,0x00000000d5580000,0x00000000d6700000)
  from space 2560K, 80% used [0x00000000d7480000,0x00000000d7681210,0x00000000d7700000)
  to   space 2048K, 0% used [0x00000000d7700000,0x00000000d7700000,0x00000000d7900000)
 ParOldGen       total 577024K, used 517121K [0x0000000080000000, 0x00000000a3380000, 0x00000000d5580000)
  object space 577024K, 89% used [0x0000000080000000,0x000000009f900618,0x00000000a3380000)
 Metaspace       used 87290K, committed 89024K, reserved 1179648K
  class space    used 8783K, committed 9600K, reserved 1048576K
}
Event: 2692.030 GC heap before
{Heap before GC invocations=1039 (full 5):
 PSYoungGen      total 20480K, used 19972K [0x00000000d5580000, 0x00000000d7900000, 0x0000000100000000)
  eden space 17920K, 100% used [0x00000000d5580000,0x00000000d6700000,0x00000000d6700000)
  from space 2560K, 80% used [0x00000000d7480000,0x00000000d7681210,0x00000000d7700000)
  to   space 2048K, 0% used [0x00000000d7700000,0x00000000d7700000,0x00000000d7900000)
 ParOldGen       total 577024K, used 517121K [0x0000000080000000, 0x00000000a3380000, 0x00000000d5580000)
  object space 577024K, 89% used [0x0000000080000000,0x000000009f900618,0x00000000a3380000)
 Metaspace       used 87316K, committed 89088K, reserved 1179648K
  class space    used 8787K, committed 9600K, reserved 1048576K
}
Event: 2692.043 GC heap after
{Heap after GC invocations=1039 (full 5):
 PSYoungGen      total 18944K, used 1018K [0x00000000d5580000, 0x00000000d7800000, 0x0000000100000000)
  eden space 17920K, 0% used [0x00000000d5580000,0x00000000d5580000,0x00000000d6700000)
  from space 1024K, 99% used [0x00000000d7700000,0x00000000d77fe900,0x00000000d7800000)
  to   space 1536K, 0% used [0x00000000d7500000,0x00000000d7500000,0x00000000d7680000)
 ParOldGen       total 577024K, used 518528K [0x0000000080000000, 0x00000000a3380000, 0x00000000d5580000)
  object space 577024K, 89% used [0x0000000080000000,0x000000009fa600c0,0x00000000a3380000)
 Metaspace       used 87316K, committed 89088K, reserved 1179648K
  class space    used 8787K, committed 9600K, reserved 1048576K
}
Event: 2692.248 GC heap before
{Heap before GC invocations=1040 (full 5):
 PSYoungGen      total 18944K, used 18938K [0x00000000d5580000, 0x00000000d7800000, 0x0000000100000000)
  eden space 17920K, 100% used [0x00000000d5580000,0x00000000d6700000,0x00000000d6700000)
  from space 1024K, 99% used [0x00000000d7700000,0x00000000d77fe900,0x00000000d7800000)
  to   space 1536K, 0% used [0x00000000d7500000,0x00000000d7500000,0x00000000d7680000)
 ParOldGen       total 577024K, used 518528K [0x0000000080000000, 0x00000000a3380000, 0x00000000d5580000)
  object space 577024K, 89% used [0x0000000080000000,0x000000009fa600c0,0x00000000a3380000)
 Metaspace       used 87318K, committed 89088K, reserved 1179648K
  class space    used 8787K, committed 9600K, reserved 1048576K
}
Event: 2692.255 GC heap after
{Heap after GC invocations=1040 (full 5):
 PSYoungGen      total 18944K, used 954K [0x00000000d5580000, 0x00000000d7780000, 0x0000000100000000)
  eden space 17920K, 0% used [0x00000000d5580000,0x00000000d5580000,0x00000000d6700000)
  from space 1024K, 93% used [0x00000000d7500000,0x00000000d75ee900,0x00000000d7600000)
  to   space 1536K, 0% used [0x00000000d7600000,0x00000000d7600000,0x00000000d7780000)
 ParOldGen       total 577024K, used 519363K [0x0000000080000000, 0x00000000a3380000, 0x00000000d5580000)
  object space 577024K, 90% used [0x0000000080000000,0x000000009fb30e10,0x00000000a3380000)
 Metaspace       used 87318K, committed 89088K, reserved 1179648K
  class space    used 8787K, committed 9600K, reserved 1048576K
}
Event: 2693.058 GC heap before
{Heap before GC invocations=1041 (full 5):
 PSYoungGen      total 18944K, used 18874K [0x00000000d5580000, 0x00000000d7780000, 0x0000000100000000)
  eden space 17920K, 100% used [0x00000000d5580000,0x00000000d6700000,0x00000000d6700000)
  from space 1024K, 93% used [0x00000000d7500000,0x00000000d75ee900,0x00000000d7600000)
  to   space 1536K, 0% used [0x00000000d7600000,0x00000000d7600000,0x00000000d7780000)
 ParOldGen       total 577024K, used 519363K [0x0000000080000000, 0x00000000a3380000, 0x00000000d5580000)
  object space 577024K, 90% used [0x0000000080000000,0x000000009fb30e10,0x00000000a3380000)
 Metaspace       used 87323K, committed 89088K, reserved 1179648K
  class space    used 8787K, committed 9600K, reserved 1048576K
}
Event: 2693.069 GC heap after
{Heap after GC invocations=1041 (full 5):
 PSYoungGen      total 19456K, used 1532K [0x00000000d5580000, 0x00000000d7780000, 0x0000000100000000)
  eden space 17920K, 0% used [0x00000000d5580000,0x00000000d5580000,0x00000000d6700000)
  from space 1536K, 99% used [0x00000000d7600000,0x00000000d777f1d0,0x00000000d7780000)
  to   space 3072K, 0% used [0x00000000d7180000,0x00000000d7180000,0x00000000d7480000)
 ParOldGen       total 577024K, used 520562K [0x0000000080000000, 0x00000000a3380000, 0x00000000d5580000)
  object space 577024K, 90% used [0x0000000080000000,0x000000009fc5c810,0x00000000a3380000)
 Metaspace       used 87323K, committed 89088K, reserved 1179648K
  class space    used 8787K, committed 9600K, reserved 1048576K
}

