# JRE version: OpenJDK Runtime Environment Temurin-21.0.10+7 (21.0.10+7) (build 21.0.10+7-LTS)
# Java VM: OpenJDK 64-Bit Server VM Temurin-21.0.10+7 (21.0.10+7-LTS, mixed mode, sharing, tiered, compressed oops, compressed class ptrs, parallel gc, windows-amd64)
GC Precious Log:
 CardTable entry size: 512
 CPUs: 8 total, 8 available
 Memory: 3891M
 Large Page Support: Disabled
 NUMA Support: Disabled
 Compressed Oops: Enabled (32-bit)
 Alignments: Space 512K, Generation 512K, Heap 2M
 Heap Min Capacity: 100M
 Heap Initial Capacity: 100M
 Heap Max Capacity: 2G
 Pre-touch: Disabled
 Parallel Workers: 8
Heap:
 PSYoungGen      total 10240K, used 5643K [0x00000000d5580000, 0x00000000d6380000, 0x0000000100000000)
  eden space 8704K, 52% used [0x00000000d5580000,0x00000000d59f2f80,0x00000000d5e00000)
  from space 1536K, 70% used [0x00000000d5e00000,0x00000000d5f10000,0x00000000d5f80000)
  to   space 2560K, 0% used [0x00000000d6100000,0x00000000d6100000,0x00000000d6380000)
 ParOldGen       total 869376K, used 760940K [0x0000000080000000, 0x00000000b5100000, 0x00000000d5580000)
  object space 869376K, 87% used [0x0000000080000000,0x00000000ae71b188,0x00000000b5100000)
 Metaspace       used 94819K, committed 96576K, reserved 1179648K
  class space    used 9500K, committed 10304K, reserved 1048576K
GC Heap History (20 events):
Event: 8242.663 GC heap before
{Heap before GC invocations=2382 (full 6):
 PSYoungGen      total 5120K, used 4755K [0x00000000d5580000, 0x00000000d5e80000, 0x0000000100000000)
  eden space 2560K, 100% used [0x00000000d5580000,0x00000000d5800000,0x00000000d5800000)
  from space 2560K, 85% used [0x00000000d5800000,0x00000000d5a24c48,0x00000000d5a80000)
  to   space 3072K, 0% used [0x00000000d5b80000,0x00000000d5b80000,0x00000000d5e80000)
 ParOldGen       total 869376K, used 746986K [0x0000000080000000, 0x00000000b5100000, 0x00000000d5580000)
  object space 869376K, 85% used [0x0000000080000000,0x00000000ad97ab20,0x00000000b5100000)
 Metaspace       used 94817K, committed 96576K, reserved 1179648K
  class space    used 9500K, committed 10304K, reserved 1048576K
}
Event: 8242.685 GC heap after
{Heap after GC invocations=2382 (full 6):
 PSYoungGen      total 5632K, used 2088K [0x00000000d5580000, 0x00000000d5e00000, 0x0000000100000000)
  eden space 3072K, 0% used [0x00000000d5580000,0x00000000d5580000,0x00000000d5880000)
  from space 2560K, 81% used [0x00000000d5b80000,0x00000000d5d8a090,0x00000000d5e00000)
  to   space 2560K, 0% used [0x00000000d5900000,0x00000000d5900000,0x00000000d5b80000)
 ParOldGen       total 869376K, used 749040K [0x0000000080000000, 0x00000000b5100000, 0x00000000d5580000)
  object space 869376K, 86% used [0x0000000080000000,0x00000000adb7c2e8,0x00000000b5100000)
 Metaspace       used 94817K, committed 96576K, reserved 1179648K
  class space    used 9500K, committed 10304K, reserved 1048576K
}
Event: 8242.856 GC heap before
{Heap before GC invocations=2383 (full 6):
 PSYoungGen      total 5632K, used 5160K [0x00000000d5580000, 0x00000000d5e00000, 0x0000000100000000)
  eden space 3072K, 100% used [0x00000000d5580000,0x00000000d5880000,0x00000000d5880000)
  from space 2560K, 81% used [0x00000000d5b80000,0x00000000d5d8a090,0x00000000d5e00000)
  to   space 2560K, 0% used [0x00000000d5900000,0x00000000d5900000,0x00000000d5b80000)
 ParOldGen       total 869376K, used 749040K [0x0000000080000000, 0x00000000b5100000, 0x00000000d5580000)
  object space 869376K, 86% used [0x0000000080000000,0x00000000adb7c2e8,0x00000000b5100000)
 Metaspace       used 94818K, committed 96576K, reserved 1179648K
  class space    used 9500K, committed 10304K, reserved 1048576K
}
Event: 8242.863 GC heap after
{Heap after GC invocations=2383 (full 6):
 PSYoungGen      total 4608K, used 1012K [0x00000000d5580000, 0x00000000d5c80000, 0x0000000100000000)
  eden space 3584K, 0% used [0x00000000d5580000,0x00000000d5580000,0x00000000d5900000)
  from space 1024K, 98% used [0x00000000d5900000,0x00000000d59fd200,0x00000000d5a00000)
  to   space 1536K, 0% used [0x00000000d5b00000,0x00000000d5b00000,0x00000000d5c80000)
 ParOldGen       total 869376K, used 749232K [0x0000000080000000, 0x00000000b5100000, 0x00000000d5580000)
  object space 869376K, 86% used [0x0000000080000000,0x00000000adbac2f8,0x00000000b5100000)
 Metaspace       used 94818K, committed 96576K, reserved 1179648K
  class space    used 9500K, committed 10304K, reserved 1048576K
}
Event: 8242.870 GC heap before
{Heap before GC invocations=2384 (full 6):
 PSYoungGen      total 4608K, used 4596K [0x00000000d5580000, 0x00000000d5c80000, 0x0000000100000000)
  eden space 3584K, 100% used [0x00000000d5580000,0x00000000d5900000,0x00000000d5900000)
  from space 1024K, 98% used [0x00000000d5900000,0x00000000d59fd200,0x00000000d5a00000)
  to   space 1536K, 0% used [0x00000000d5b00000,0x00000000d5b00000,0x00000000d5c80000)
 ParOldGen       total 869376K, used 749232K [0x0000000080000000, 0x00000000b5100000, 0x00000000d5580000)
  object space 869376K, 86% used [0x0000000080000000,0x00000000adbac2f8,0x00000000b5100000)
 Metaspace       used 94818K, committed 96576K, reserved 1179648K
  class space    used 9500K, committed 10304K, reserved 1048576K
}
Event: 8242.879 GC heap after
{Heap after GC invocations=2384 (full 6):
 PSYoungGen      total 5632K, used 640K [0x00000000d5580000, 0x00000000d5c00000, 0x0000000100000000)
  eden space 4608K, 0% used [0x00000000d5580000,0x00000000d5580000,0x00000000d5a00000)
  from space 1024K, 62% used [0x00000000d5b00000,0x00000000d5ba0000,0x00000000d5c00000)
  to   space 1024K, 0% used [0x00000000d5a00000,0x00000000d5a00000,0x00000000d5b00000)
 ParOldGen       total 869376K, used 750141K [0x0000000080000000, 0x00000000b5100000, 0x00000000d5580000)
  object space 869376K, 86% used [0x0000000080000000,0x00000000adc8f508,0x00000000b5100000)
 Metaspace       used 94818K, committed 96576K, reserved 1179648K
  class space    used 9500K, committed 10304K, reserved 1048576K
}
Event: 8242.884 GC heap before
{Heap before GC invocations=2385 (full 6):
 PSYoungGen      total 5632K, used 5248K [0x00000000d5580000, 0x00000000d5c00000, 0x0000000100000000)
  eden space 4608K, 100% used [0x00000000d5580000,0x00000000d5a00000,0x00000000d5a00000)
  from space 1024K, 62% used [0x00000000d5b00000,0x00000000d5ba0000,0x00000000d5c00000)
  to   space 1024K, 0% used [0x00000000d5a00000,0x00000000d5a00000,0x00000000d5b00000)
 ParOldGen       total 869376K, used 750141K [0x0000000080000000, 0x00000000b5100000, 0x00000000d5580000)
  object space 869376K, 86% used [0x0000000080000000,0x00000000adc8f508,0x00000000b5100000)
 Metaspace       used 94818K, committed 96576K, reserved 1179648K
  class space    used 9500K, committed 10304K, reserved 1048576K
}
Event: 8242.888 GC heap after
{Heap after GC invocations=2385 (full 6):
 PSYoungGen      total 5632K, used 352K [0x00000000d5580000, 0x00000000d5c00000, 0x0000000100000000)
  eden space 4608K, 0% used [0x00000000d5580000,0x00000000d5580000,0x00000000d5a00000)
  from space 1024K, 34% used [0x00000000d5a00000,0x00000000d5a58000,0x00000000d5b00000)
  to   space 512K, 0% used [0x00000000d5b80000,0x00000000d5b80000,0x00000000d5c00000)
 ParOldGen       total 869376K, used 750725K [0x0000000080000000, 0x00000000b5100000, 0x00000000d5580000)
  object space 869376K, 86% used [0x0000000080000000,0x00000000add21508,0x00000000b5100000)
 Metaspace       used 94818K, committed 96576K, reserved 1179648K
  class space    used 9500K, committed 10304K, reserved 1048576K
}
Event: 8243.049 GC heap before
{Heap before GC invocations=2386 (full 6):
 PSYoungGen      total 5632K, used 4960K [0x00000000d5580000, 0x00000000d5c00000, 0x0000000100000000)
  eden space 4608K, 100% used [0x00000000d5580000,0x00000000d5a00000,0x00000000d5a00000)
  from space 1024K, 34% used [0x00000000d5a00000,0x00000000d5a58000,0x00000000d5b00000)
  to   space 512K, 0% used [0x00000000d5b80000,0x00000000d5b80000,0x00000000d5c00000)
 ParOldGen       total 869376K, used 750725K [0x0000000080000000, 0x00000000b5100000, 0x00000000d5580000)
  object space 869376K, 86% used [0x0000000080000000,0x00000000add21508,0x00000000b5100000)
 Metaspace       used 94818K, committed 96576K, reserved 1179648K
  class space    used 9500K, committed 10304K, reserved 1048576K
}
Event: 8243.054 GC heap after
{Heap after GC invocations=2386 (full 6):
 PSYoungGen      total 5632K, used 500K [0x00000000d5580000, 0x00000000d5d00000, 0x0000000100000000)
  eden space 5120K, 0% used [0x00000000d5580000,0x00000000d5580000,0x00000000d5a80000)
  from space 512K, 97% used [0x00000000d5b80000,0x00000000d5bfd200,0x00000000d5c00000)
  to   space 1024K, 0% used [0x00000000d5a80000,0x00000000d5a80000,0x00000000d5b80000)
 ParOldGen       total 869376K, used 751053K [0x0000000080000000, 0x00000000b5100000, 0x00000000d5580000)
  object space 869376K, 86% used [0x0000000080000000,0x00000000add73528,0x00000000b5100000)
 Metaspace       used 94818K, committed 96576K, reserved 1179648K
  class space    used 9500K, committed 10304K, reserved 1048576K
}
Event: 8243.060 GC heap before
{Heap before GC invocations=2387 (full 6):
 PSYoungGen      total 5632K, used 5620K [0x00000000d5580000, 0x00000000d5d00000, 0x0000000100000000)
  eden space 5120K, 100% used [0x00000000d5580000,0x00000000d5a80000,0x00000000d5a80000)
  from space 512K, 97% used [0x00000000d5b80000,0x00000000d5bfd200,0x00000000d5c00000)
  to   space 1024K, 0% used [0x00000000d5a80000,0x00000000d5a80000,0x00000000d5b80000)
 ParOldGen       total 869376K, used 751053K [0x0000000080000000, 0x00000000b5100000, 0x00000000d5580000)
  object space 869376K, 86% used [0x0000000080000000,0x00000000add73528,0x00000000b5100000)
 Metaspace       used 94818K, committed 96576K, reserved 1179648K
  class space    used 9500K, committed 10304K, reserved 1048576K
}
Event: 8243.065 GC heap after
{Heap after GC invocations=2387 (full 6):
 PSYoungGen      total 6144K, used 480K [0x00000000d5580000, 0x00000000d5d80000, 0x0000000100000000)
  eden space 5120K, 0% used [0x00000000d5580000,0x00000000d5580000,0x00000000d5a80000)
  from space 1024K, 46% used [0x00000000d5a80000,0x00000000d5af8000,0x00000000d5b80000)
  to   space 1024K, 0% used [0x00000000d5c80000,0x00000000d5c80000,0x00000000d5d80000)
 ParOldGen       total 869376K, used 751581K [0x0000000080000000, 0x00000000b5100000, 0x00000000d5580000)
  object space 869376K, 86% used [0x0000000080000000,0x00000000addf7748,0x00000000b5100000)
 Metaspace       used 94818K, committed 96576K, reserved 1179648K
  class space    used 9500K, committed 10304K, reserved 1048576K
}
Event: 8243.078 GC heap before
{Heap before GC invocations=2388 (full 6):
 PSYoungGen      total 6144K, used 5600K [0x00000000d5580000, 0x00000000d5d80000, 0x0000000100000000)
  eden space 5120K, 100% used [0x00000000d5580000,0x00000000d5a80000,0x00000000d5a80000)
  from space 1024K, 46% used [0x00000000d5a80000,0x00000000d5af8000,0x00000000d5b80000)
  to   space 1024K, 0% used [0x00000000d5c80000,0x00000000d5c80000,0x00000000d5d80000)
 ParOldGen       total 869376K, used 751581K [0x0000000080000000, 0x00000000b5100000, 0x00000000d5580000)
  object space 869376K, 86% used [0x0000000080000000,0x00000000addf7748,0x00000000b5100000)
 Metaspace       used 94818K, committed 96576K, reserved 1179648K
  class space    used 9500K, committed 10304K, reserved 1048576K
}
Event: 8243.097 GC heap after
{Heap after GC invocations=2388 (full 6):
 PSYoungGen      total 7168K, used 634K [0x00000000d5580000, 0x00000000d5d80000, 0x0000000100000000)
  eden space 6144K, 0% used [0x00000000d5580000,0x00000000d5580000,0x00000000d5b80000)
  from space 1024K, 61% used [0x00000000d5c80000,0x00000000d5d1e900,0x00000000d5d80000)
  to   space 1024K, 0% used [0x00000000d5b80000,0x00000000d5b80000,0x00000000d5c80000)
 ParOldGen       total 869376K, used 751957K [0x0000000080000000, 0x00000000b5100000, 0x00000000d5580000)
  object space 869376K, 86% used [0x0000000080000000,0x00000000ade55748,0x00000000b5100000)
 Metaspace       used 94818K, committed 96576K, reserved 1179648K
  class space    used 9500K, committed 10304K, reserved 1048576K
}
Event: 8243.125 GC heap before
{Heap before GC invocations=2389 (full 6):
 PSYoungGen      total 7168K, used 6778K [0x00000000d5580000, 0x00000000d5d80000, 0x0000000100000000)
  eden space 6144K, 100% used [0x00000000d5580000,0x00000000d5b80000,0x00000000d5b80000)
  from space 1024K, 61% used [0x00000000d5c80000,0x00000000d5d1e900,0x00000000d5d80000)
  to   space 1024K, 0% used [0x00000000d5b80000,0x00000000d5b80000,0x00000000d5c80000)
 ParOldGen       total 869376K, used 751957K [0x0000000080000000, 0x00000000b5100000, 0x00000000d5580000)
  object space 869376K, 86% used [0x0000000080000000,0x00000000ade55748,0x00000000b5100000)
 Metaspace       used 94818K, committed 96576K, reserved 1179648K
  class space    used 9500K, committed 10304K, reserved 1048576K
}
Event: 8243.151 GC heap after
{Heap after GC invocations=2389 (full 6):
 PSYoungGen      total 7168K, used 1013K [0x00000000d5580000, 0x00000000d6800000, 0x0000000100000000)
  eden space 6144K, 0% used [0x00000000d5580000,0x00000000d5580000,0x00000000d5b80000)
  from space 1024K, 98% used [0x00000000d5b80000,0x00000000d5c7d4a0,0x00000000d5c80000)
  to   space 5632K, 0% used [0x00000000d6280000,0x00000000d6280000,0x00000000d6800000)
 ParOldGen       total 869376K, used 755660K [0x0000000080000000, 0x00000000b5100000, 0x00000000d5580000)
  object space 869376K, 86% used [0x0000000080000000,0x00000000ae1f3058,0x00000000b5100000)
 Metaspace       used 94818K, committed 96576K, reserved 1179648K
  class space    used 9500K, committed 10304K, reserved 1048576K
}
Event: 8243.178 GC heap before
{Heap before GC invocations=2390 (full 6):
 PSYoungGen      total 7168K, used 7157K [0x00000000d5580000, 0x00000000d6800000, 0x0000000100000000)
  eden space 6144K, 100% used [0x00000000d5580000,0x00000000d5b80000,0x00000000d5b80000)
  from space 1024K, 98% used [0x00000000d5b80000,0x00000000d5c7d4a0,0x00000000d5c80000)
  to   space 5632K, 0% used [0x00000000d6280000,0x00000000d6280000,0x00000000d6800000)
 ParOldGen       total 869376K, used 755660K [0x0000000080000000, 0x00000000b5100000, 0x00000000d5580000)
  object space 869376K, 86% used [0x0000000080000000,0x00000000ae1f3058,0x00000000b5100000)
 Metaspace       used 94818K, committed 96576K, reserved 1179648K
  class space    used 9500K, committed 10304K, reserved 1048576K
}
Event: 8243.191 GC heap after
{Heap after GC invocations=2390 (full 6):
 PSYoungGen      total 12288K, used 4376K [0x00000000d5580000, 0x00000000d6700000, 0x0000000100000000)
  eden space 7680K, 0% used [0x00000000d5580000,0x00000000d5580000,0x00000000d5d00000)
  from space 4608K, 94% used [0x00000000d6280000,0x00000000d66c60c0,0x00000000d6700000)
  to   space 4608K, 0% used [0x00000000d5e00000,0x00000000d5e00000,0x00000000d6280000)
 ParOldGen       total 869376K, used 756702K [0x0000000080000000, 0x00000000b5100000, 0x00000000d5580000)
  object space 869376K, 87% used [0x0000000080000000,0x00000000ae2f7b08,0x00000000b5100000)
 Metaspace       used 94818K, committed 96576K, reserved 1179648K
  class space    used 9500K, committed 10304K, reserved 1048576K
}
Event: 8243.430 GC heap before
{Heap before GC invocations=2391 (full 6):
 PSYoungGen      total 12288K, used 12056K [0x00000000d5580000, 0x00000000d6700000, 0x0000000100000000)
  eden space 7680K, 100% used [0x00000000d5580000,0x00000000d5d00000,0x00000000d5d00000)
  from space 4608K, 94% used [0x00000000d6280000,0x00000000d66c60c0,0x00000000d6700000)
  to   space 4608K, 0% used [0x00000000d5e00000,0x00000000d5e00000,0x00000000d6280000)
 ParOldGen       total 869376K, used 756702K [0x0000000080000000, 0x00000000b5100000, 0x00000000d5580000)
  object space 869376K, 87% used [0x0000000080000000,0x00000000ae2f7b08,0x00000000b5100000)
 Metaspace       used 94818K, committed 96576K, reserved 1179648K
  class space    used 9500K, committed 10304K, reserved 1048576K
}
Event: 8243.492 GC heap after
{Heap after GC invocations=2391 (full 6):
 PSYoungGen      total 10240K, used 1088K [0x00000000d5580000, 0x00000000d6380000, 0x0000000100000000)
  eden space 8704K, 0% used [0x00000000d5580000,0x00000000d5580000,0x00000000d5e00000)
  from space 1536K, 70% used [0x00000000d5e00000,0x00000000d5f10000,0x00000000d5f80000)
  to   space 2560K, 0% used [0x00000000d6100000,0x00000000d6100000,0x00000000d6380000)
 ParOldGen       total 869376K, used 760940K [0x0000000080000000, 0x00000000b5100000, 0x00000000d5580000)
  object space 869376K, 87% used [0x0000000080000000,0x00000000ae71b188,0x00000000b5100000)
 Metaspace       used 94818K, committed 96576K, reserved 1179648K
  class space    used 9500K, committed 10304K, reserved 1048576K
}

