# JRE version: OpenJDK Runtime Environment Temurin-21.0.10+7 (21.0.10+7) (build 21.0.10+7-LTS)
# Java VM: OpenJDK 64-Bit Server VM Temurin-21.0.10+7 (21.0.10+7-LTS, mixed mode, sharing, tiered, compressed oops, compressed class ptrs, parallel gc, windows-amd64)
GC Precious Log:
 CardTable entry size: 512
 CPUs: 8 total, 8 available
 Memory: 3891M
 Large Page Support: Disabled
 NUMA Support: Disabled
 Compressed Oops: Enabled (32-bit)
 Alignments: Space 512K, Generation 512K, Heap 2M
 Heap Min Capacity: 100M
 Heap Initial Capacity: 100M
 Heap Max Capacity: 2G
 Pre-touch: Disabled
 Parallel Workers: 8
Heap:
 PSYoungGen      total 5632K, used 1850K [0x00000000d5580000, 0x00000000d5c00000, 0x0000000100000000)
  eden space 5120K, 35% used [0x00000000d5580000,0x00000000d5746b58,0x00000000d5a80000)
  from space 512K, 6% used [0x00000000d5b80000,0x00000000d5b88000,0x00000000d5c00000)
  to   space 512K, 0% used [0x00000000d5b00000,0x00000000d5b00000,0x00000000d5b80000)
 ParOldGen       total 745984K, used 745814K [0x0000000080000000, 0x00000000ad880000, 0x00000000d5580000)
  object space 745984K, 99% used [0x0000000080000000,0x00000000ad855978,0x00000000ad880000)
 Metaspace       used 95568K, committed 97344K, reserved 1179648K
  class space    used 9936K, committed 10752K, reserved 1048576K
GC Heap History (20 events):
Event: 28351.038 GC heap before
{Heap before GC invocations=1506 (full 5):
 PSYoungGen      total 4096K, used 3744K [0x00000000d5580000, 0x00000000d5c80000, 0x0000000100000000)
  eden space 2048K, 100% used [0x00000000d5580000,0x00000000d5780000,0x00000000d5780000)
  from space 2048K, 82% used [0x00000000d5a80000,0x00000000d5c28000,0x00000000d5c80000)
  to   space 2048K, 0% used [0x00000000d5880000,0x00000000d5880000,0x00000000d5a80000)
 ParOldGen       total 739328K, used 739019K [0x0000000080000000, 0x00000000ad200000, 0x00000000d5580000)
  object space 739328K, 99% used [0x0000000080000000,0x00000000ad1b2c80,0x00000000ad200000)
 Metaspace       used 95541K, committed 97280K, reserved 1179648K
  class space    used 9936K, committed 10752K, reserved 1048576K
}
Event: 28351.053 GC heap after
{Heap after GC invocations=1506 (full 5):
 PSYoungGen      total 4608K, used 2048K [0x00000000d5580000, 0x00000000d6000000, 0x0000000100000000)
  eden space 2560K, 0% used [0x00000000d5580000,0x00000000d5580000,0x00000000d5800000)
  from space 2048K, 100% used [0x00000000d5880000,0x00000000d5a80000,0x00000000d5a80000)
  to   space 4096K, 0% used [0x00000000d5c00000,0x00000000d5c00000,0x00000000d6000000)
 ParOldGen       total 740864K, used 740595K [0x0000000080000000, 0x00000000ad380000, 0x00000000d5580000)
  object space 740864K, 99% used [0x0000000080000000,0x00000000ad33cc80,0x00000000ad380000)
 Metaspace       used 95541K, committed 97280K, reserved 1179648K
  class space    used 9936K, committed 10752K, reserved 1048576K
}
Event: 28351.155 GC heap before
{Heap before GC invocations=1507 (full 5):
 PSYoungGen      total 4608K, used 4608K [0x00000000d5580000, 0x00000000d6000000, 0x0000000100000000)
  eden space 2560K, 100% used [0x00000000d5580000,0x00000000d5800000,0x00000000d5800000)
  from space 2048K, 100% used [0x00000000d5880000,0x00000000d5a80000,0x00000000d5a80000)
  to   space 4096K, 0% used [0x00000000d5c00000,0x00000000d5c00000,0x00000000d6000000)
 ParOldGen       total 740864K, used 740595K [0x0000000080000000, 0x00000000ad380000, 0x00000000d5580000)
  object space 740864K, 99% used [0x0000000080000000,0x00000000ad33cc80,0x00000000ad380000)
 Metaspace       used 95541K, committed 97280K, reserved 1179648K
  class space    used 9936K, committed 10752K, reserved 1048576K
}
Event: 28351.159 GC heap after
{Heap after GC invocations=1507 (full 5):
 PSYoungGen      total 4608K, used 1236K [0x00000000d5580000, 0x00000000d5d80000, 0x0000000100000000)
  eden space 3072K, 0% used [0x00000000d5580000,0x00000000d5580000,0x00000000d5880000)
  from space 1536K, 80% used [0x00000000d5c00000,0x00000000d5d35200,0x00000000d5d80000)
  to   space 2560K, 0% used [0x00000000d5880000,0x00000000d5880000,0x00000000d5b00000)
 ParOldGen       total 742912K, used 742635K [0x0000000080000000, 0x00000000ad580000, 0x00000000d5580000)
  object space 742912K, 99% used [0x0000000080000000,0x00000000ad53ac80,0x00000000ad580000)
 Metaspace       used 95541K, committed 97280K, reserved 1179648K
  class space    used 9936K, committed 10752K, reserved 1048576K
}
Event: 28351.171 GC heap before
{Heap before GC invocations=1508 (full 5):
 PSYoungGen      total 4608K, used 4308K [0x00000000d5580000, 0x00000000d5d80000, 0x0000000100000000)
  eden space 3072K, 100% used [0x00000000d5580000,0x00000000d5880000,0x00000000d5880000)
  from space 1536K, 80% used [0x00000000d5c00000,0x00000000d5d35200,0x00000000d5d80000)
  to   space 2560K, 0% used [0x00000000d5880000,0x00000000d5880000,0x00000000d5b00000)
 ParOldGen       total 742912K, used 742635K [0x0000000080000000, 0x00000000ad580000, 0x00000000d5580000)
  object space 742912K, 99% used [0x0000000080000000,0x00000000ad53ac80,0x00000000ad580000)
 Metaspace       used 95541K, committed 97280K, reserved 1179648K
  class space    used 9936K, committed 10752K, reserved 1048576K
}
Event: 28351.174 GC heap after
{Heap after GC invocations=1508 (full 5):
 PSYoungGen      total 5632K, used 352K [0x00000000d5580000, 0x00000000d5c80000, 0x0000000100000000)
  eden space 3072K, 0% used [0x00000000d5580000,0x00000000d5580000,0x00000000d5880000)
  from space 2560K, 13% used [0x00000000d5880000,0x00000000d58d8000,0x00000000d5b00000)
  to   space 1024K, 0% used [0x00000000d5b80000,0x00000000d5b80000,0x00000000d5c80000)
 ParOldGen       total 743936K, used 743741K [0x0000000080000000, 0x00000000ad680000, 0x00000000d5580000)
  object space 743936K, 99% used [0x0000000080000000,0x00000000ad64f7a0,0x00000000ad680000)
 Metaspace       used 95541K, committed 97280K, reserved 1179648K
  class space    used 9936K, committed 10752K, reserved 1048576K
}
Event: 28351.227 GC heap before
{Heap before GC invocations=1509 (full 5):
 PSYoungGen      total 5632K, used 3424K [0x00000000d5580000, 0x00000000d5c80000, 0x0000000100000000)
  eden space 3072K, 100% used [0x00000000d5580000,0x00000000d5880000,0x00000000d5880000)
  from space 2560K, 13% used [0x00000000d5880000,0x00000000d58d8000,0x00000000d5b00000)
  to   space 1024K, 0% used [0x00000000d5b80000,0x00000000d5b80000,0x00000000d5c80000)
 ParOldGen       total 743936K, used 743741K [0x0000000080000000, 0x00000000ad680000, 0x00000000d5580000)
  object space 743936K, 99% used [0x0000000080000000,0x00000000ad64f7a0,0x00000000ad680000)
 Metaspace       used 95541K, committed 97280K, reserved 1179648K
  class space    used 9936K, committed 10752K, reserved 1048576K
}
Event: 28351.234 GC heap after
{Heap after GC invocations=1509 (full 5):
 PSYoungGen      total 4608K, used 416K [0x00000000d5580000, 0x00000000d5c00000, 0x0000000100000000)
  eden space 4096K, 0% used [0x00000000d5580000,0x00000000d5580000,0x00000000d5980000)
  from space 512K, 81% used [0x00000000d5b80000,0x00000000d5be8000,0x00000000d5c00000)
  to   space 512K, 0% used [0x00000000d5b00000,0x00000000d5b00000,0x00000000d5b80000)
 ParOldGen       total 744448K, used 743941K [0x0000000080000000, 0x00000000ad700000, 0x00000000d5580000)
  object space 744448K, 99% used [0x0000000080000000,0x00000000ad6817a0,0x00000000ad700000)
 Metaspace       used 95541K, committed 97280K, reserved 1179648K
  class space    used 9936K, committed 10752K, reserved 1048576K
}
Event: 28351.337 GC heap before
{Heap before GC invocations=1510 (full 5):
 PSYoungGen      total 4608K, used 4512K [0x00000000d5580000, 0x00000000d5c00000, 0x0000000100000000)
  eden space 4096K, 100% used [0x00000000d5580000,0x00000000d5980000,0x00000000d5980000)
  from space 512K, 81% used [0x00000000d5b80000,0x00000000d5be8000,0x00000000d5c00000)
  to   space 512K, 0% used [0x00000000d5b00000,0x00000000d5b00000,0x00000000d5b80000)
 ParOldGen       total 744448K, used 743941K [0x0000000080000000, 0x00000000ad700000, 0x00000000d5580000)
  object space 744448K, 99% used [0x0000000080000000,0x00000000ad6817a0,0x00000000ad700000)
 Metaspace       used 95542K, committed 97280K, reserved 1179648K
  class space    used 9936K, committed 10752K, reserved 1048576K
}
Event: 28351.340 GC heap after
{Heap after GC invocations=1510 (full 5):
 PSYoungGen      total 5632K, used 512K [0x00000000d5580000, 0x00000000d5c80000, 0x0000000100000000)
  eden space 5120K, 0% used [0x00000000d5580000,0x00000000d5580000,0x00000000d5a80000)
  from space 512K, 100% used [0x00000000d5b00000,0x00000000d5b80000,0x00000000d5b80000)
  to   space 1024K, 0% used [0x00000000d5b80000,0x00000000d5b80000,0x00000000d5c80000)
 ParOldGen       total 744448K, used 744213K [0x0000000080000000, 0x00000000ad700000, 0x00000000d5580000)
  object space 744448K, 99% used [0x0000000080000000,0x00000000ad6c57a0,0x00000000ad700000)
 Metaspace       used 95542K, committed 97280K, reserved 1179648K
  class space    used 9936K, committed 10752K, reserved 1048576K
}
Event: 28351.545 GC heap before
{Heap before GC invocations=1511 (full 5):
 PSYoungGen      total 5632K, used 5632K [0x00000000d5580000, 0x00000000d5c80000, 0x0000000100000000)
  eden space 5120K, 100% used [0x00000000d5580000,0x00000000d5a80000,0x00000000d5a80000)
  from space 512K, 100% used [0x00000000d5b00000,0x00000000d5b80000,0x00000000d5b80000)
  to   space 1024K, 0% used [0x00000000d5b80000,0x00000000d5b80000,0x00000000d5c80000)
 ParOldGen       total 744448K, used 744213K [0x0000000080000000, 0x00000000ad700000, 0x00000000d5580000)
  object space 744448K, 99% used [0x0000000080000000,0x00000000ad6c57a0,0x00000000ad700000)
 Metaspace       used 95542K, committed 97280K, reserved 1179648K
  class space    used 9936K, committed 10752K, reserved 1048576K
}
Event: 28351.548 GC heap after
{Heap after GC invocations=1511 (full 5):
 PSYoungGen      total 6144K, used 928K [0x00000000d5580000, 0x00000000d5c80000, 0x0000000100000000)
  eden space 5120K, 0% used [0x00000000d5580000,0x00000000d5580000,0x00000000d5a80000)
  from space 1024K, 90% used [0x00000000d5b80000,0x00000000d5c68000,0x00000000d5c80000)
  to   space 1024K, 0% used [0x00000000d5a80000,0x00000000d5a80000,0x00000000d5b80000)
 ParOldGen       total 744960K, used 744610K [0x0000000080000000, 0x00000000ad780000, 0x00000000d5580000)
  object space 744960K, 99% used [0x0000000080000000,0x00000000ad728918,0x00000000ad780000)
 Metaspace       used 95542K, committed 97280K, reserved 1179648K
  class space    used 9936K, committed 10752K, reserved 1048576K
}
Event: 39424.220 GC heap before
{Heap before GC invocations=1512 (full 5):
 PSYoungGen      total 6144K, used 6047K [0x00000000d5580000, 0x00000000d5c80000, 0x0000000100000000)
  eden space 5120K, 99% used [0x00000000d5580000,0x00000000d5a7fff8,0x00000000d5a80000)
  from space 1024K, 90% used [0x00000000d5b80000,0x00000000d5c68000,0x00000000d5c80000)
  to   space 1024K, 0% used [0x00000000d5a80000,0x00000000d5a80000,0x00000000d5b80000)
 ParOldGen       total 744960K, used 744610K [0x0000000080000000, 0x00000000ad780000, 0x00000000d5580000)
  object space 744960K, 99% used [0x0000000080000000,0x00000000ad728918,0x00000000ad780000)
 Metaspace       used 95543K, committed 97280K, reserved 1179648K
  class space    used 9936K, committed 10752K, reserved 1048576K
}
Event: 39425.008 GC heap after
{Heap after GC invocations=1512 (full 5):
 PSYoungGen      total 6144K, used 576K [0x00000000d5580000, 0x00000000d5c80000, 0x0000000100000000)
  eden space 5120K, 0% used [0x00000000d5580000,0x00000000d5580000,0x00000000d5a80000)
  from space 1024K, 56% used [0x00000000d5a80000,0x00000000d5b10000,0x00000000d5b80000)
  to   space 1024K, 0% used [0x00000000d5b80000,0x00000000d5b80000,0x00000000d5c80000)
 ParOldGen       total 745472K, used 745370K [0x0000000080000000, 0x00000000ad800000, 0x00000000d5580000)
  object space 745472K, 99% used [0x0000000080000000,0x00000000ad7e6958,0x00000000ad800000)
 Metaspace       used 95543K, committed 97280K, reserved 1179648K
  class space    used 9936K, committed 10752K, reserved 1048576K
}
Event: 84256.720 GC heap before
{Heap before GC invocations=1513 (full 5):
 PSYoungGen      total 6144K, used 5696K [0x00000000d5580000, 0x00000000d5c80000, 0x0000000100000000)
  eden space 5120K, 100% used [0x00000000d5580000,0x00000000d5a80000,0x00000000d5a80000)
  from space 1024K, 56% used [0x00000000d5a80000,0x00000000d5b10000,0x00000000d5b80000)
  to   space 1024K, 0% used [0x00000000d5b80000,0x00000000d5b80000,0x00000000d5c80000)
 ParOldGen       total 745472K, used 745370K [0x0000000080000000, 0x00000000ad800000, 0x00000000d5580000)
  object space 745472K, 99% used [0x0000000080000000,0x00000000ad7e6958,0x00000000ad800000)
 Metaspace       used 95543K, committed 97280K, reserved 1179648K
  class space    used 9936K, committed 10752K, reserved 1048576K
}
Event: 84257.116 GC heap after
{Heap after GC invocations=1513 (full 5):
 PSYoungGen      total 5632K, used 32K [0x00000000d5580000, 0x00000000d5c00000, 0x0000000100000000)
  eden space 5120K, 0% used [0x00000000d5580000,0x00000000d5580000,0x00000000d5a80000)
  from space 512K, 6% used [0x00000000d5b80000,0x00000000d5b88000,0x00000000d5c00000)
  to   space 512K, 0% used [0x00000000d5b00000,0x00000000d5b00000,0x00000000d5b80000)
 ParOldGen       total 745984K, used 745806K [0x0000000080000000, 0x00000000ad880000, 0x00000000d5580000)
  object space 745984K, 99% used [0x0000000080000000,0x00000000ad853978,0x00000000ad880000)
 Metaspace       used 95543K, committed 97280K, reserved 1179648K
  class space    used 9936K, committed 10752K, reserved 1048576K
}
Event: 84258.143 GC heap before
{Heap before GC invocations=1514 (full 5):
 PSYoungGen      total 5632K, used 5152K [0x00000000d5580000, 0x00000000d5c00000, 0x0000000100000000)
  eden space 5120K, 100% used [0x00000000d5580000,0x00000000d5a80000,0x00000000d5a80000)
  from space 512K, 6% used [0x00000000d5b80000,0x00000000d5b88000,0x00000000d5c00000)
  to   space 512K, 0% used [0x00000000d5b00000,0x00000000d5b00000,0x00000000d5b80000)
 ParOldGen       total 745984K, used 745806K [0x0000000080000000, 0x00000000ad880000, 0x00000000d5580000)
  object space 745984K, 99% used [0x0000000080000000,0x00000000ad853978,0x00000000ad880000)
 Metaspace       used 95545K, committed 97280K, reserved 1179648K
  class space    used 9936K, committed 10752K, reserved 1048576K
}
Event: 84258.146 GC heap after
{Heap after GC invocations=1514 (full 5):
 PSYoungGen      total 5632K, used 32K [0x00000000d5580000, 0x00000000d5c00000, 0x0000000100000000)
  eden space 5120K, 0% used [0x00000000d5580000,0x00000000d5580000,0x00000000d5a80000)
  from space 512K, 6% used [0x00000000d5b00000,0x00000000d5b08000,0x00000000d5b80000)
  to   space 512K, 0% used [0x00000000d5b80000,0x00000000d5b80000,0x00000000d5c00000)
 ParOldGen       total 745984K, used 745814K [0x0000000080000000, 0x00000000ad880000, 0x00000000d5580000)
  object space 745984K, 99% used [0x0000000080000000,0x00000000ad855978,0x00000000ad880000)
 Metaspace       used 95545K, committed 97280K, reserved 1179648K
  class space    used 9936K, committed 10752K, reserved 1048576K
}
Event: 84258.498 GC heap before
{Heap before GC invocations=1515 (full 5):
 PSYoungGen      total 5632K, used 5152K [0x00000000d5580000, 0x00000000d5c00000, 0x0000000100000000)
  eden space 5120K, 100% used [0x00000000d5580000,0x00000000d5a80000,0x00000000d5a80000)
  from space 512K, 6% used [0x00000000d5b00000,0x00000000d5b08000,0x00000000d5b80000)
  to   space 512K, 0% used [0x00000000d5b80000,0x00000000d5b80000,0x00000000d5c00000)
 ParOldGen       total 745984K, used 745814K [0x0000000080000000, 0x00000000ad880000, 0x00000000d5580000)
  object space 745984K, 99% used [0x0000000080000000,0x00000000ad855978,0x00000000ad880000)
 Metaspace       used 95545K, committed 97280K, reserved 1179648K
  class space    used 9936K, committed 10752K, reserved 1048576K
}
Event: 84258.501 GC heap after
{Heap after GC invocations=1515 (full 5):
 PSYoungGen      total 5632K, used 32K [0x00000000d5580000, 0x00000000d5c00000, 0x0000000100000000)
  eden space 5120K, 0% used [0x00000000d5580000,0x00000000d5580000,0x00000000d5a80000)
  from space 512K, 6% used [0x00000000d5b80000,0x00000000d5b88000,0x00000000d5c00000)
  to   space 512K, 0% used [0x00000000d5b00000,0x00000000d5b00000,0x00000000d5b80000)
 ParOldGen       total 745984K, used 745814K [0x0000000080000000, 0x00000000ad880000, 0x00000000d5580000)
  object space 745984K, 99% used [0x0000000080000000,0x00000000ad855978,0x00000000ad880000)
 Metaspace       used 95545K, committed 97280K, reserved 1179648K
  class space    used 9936K, committed 10752K, reserved 1048576K
}

